  stdafx.cpp
  tcp.cpp
d:\vs2017\tcp\tcp\tcp.cpp(39): error C4996: 'scanf': This function or variable may be unsafe. Consider using scanf_s instead. To disable deprecation, use _CRT_SECURE_NO_WARNINGS. See online help for details.
  c:\program files (x86)\windows kits\10\include\10.0.16299.0\ucrt\stdio.h(1272): note: 参见“scanf”的声明
d:\vs2017\tcp\tcp\tcp.cpp(57): error C2065: “queue”: 未声明的标识符
d:\vs2017\tcp\tcp\tcp.cpp(57): error C2062: 意外的类型“int”
d:\vs2017\tcp\tcp\tcp.cpp(58): error C2065: “q”: 未声明的标识符
d:\vs2017\tcp\tcp\tcp.cpp(58): error C2228: “.push”的左边必须有类/结构/联合
  d:\vs2017\tcp\tcp\tcp.cpp(58): note: 类型是“unknown-type”
d:\vs2017\tcp\tcp\tcp.cpp(59): error C2065: “q”: 未声明的标识符
d:\vs2017\tcp\tcp\tcp.cpp(59): error C2228: “.empty”的左边必须有类/结构/联合
  d:\vs2017\tcp\tcp\tcp.cpp(59): note: 类型是“unknown-type”
d:\vs2017\tcp\tcp\tcp.cpp(61): error C2065: “q”: 未声明的标识符
d:\vs2017\tcp\tcp\tcp.cpp(61): error C2228: “.front”的左边必须有类/结构/联合
  d:\vs2017\tcp\tcp\tcp.cpp(61): note: 类型是“unknown-type”
d:\vs2017\tcp\tcp\tcp.cpp(62): error C2065: “cout”: 未声明的标识符
d:\vs2017\tcp\tcp\tcp.cpp(63): error C2065: “q”: 未声明的标识符
d:\vs2017\tcp\tcp\tcp.cpp(63): error C2228: “.pop”的左边必须有类/结构/联合
  d:\vs2017\tcp\tcp\tcp.cpp(63): note: 类型是“unknown-type”
d:\vs2017\tcp\tcp\tcp.cpp(64): error C2065: “q”: 未声明的标识符
d:\vs2017\tcp\tcp\tcp.cpp(64): error C2228: “.push”的左边必须有类/结构/联合
  d:\vs2017\tcp\tcp\tcp.cpp(64): note: 类型是“unknown-type”
d:\vs2017\tcp\tcp\tcp.cpp(65): error C2065: “q”: 未声明的标识符
d:\vs2017\tcp\tcp\tcp.cpp(65): error C2228: “.push”的左边必须有类/结构/联合
  d:\vs2017\tcp\tcp\tcp.cpp(65): note: 类型是“unknown-type”
d:\vs2017\tcp\tcp\tcp.cpp(77): error C2065: “cout”: 未声明的标识符
d:\vs2017\tcp\tcp\tcp.cpp(77): error C2065: “endl”: 未声明的标识符
